<?xml version="1.0" encoding="UTF-8"?>
<!-- Generated by org.testng.reporters.JUnitXMLReporter -->
<testsuite ignored="0" hostname="DESKTOP-MHU0B0P" failures="1" tests="2" name="Dataprovider" time="0.048" errors="0" timestamp="2022-11-20T16:00:40 IST">
  <testcase classname="seleniumtests.DProvider" name="myTest" time="0.008"/>
  <testcase classname="seleniumtests.DProvider" name="myTest" time="0.013">
    <failure type="java.lang.AssertionError" message="expected [12] but found [9]">
      <![CDATA[java.lang.AssertionError: expected [12] but found [9]
at seleniumtests.DProvider.myTest(DProvider.java:17)
at java.base/java.util.ArrayList.forEach(ArrayList.java:1511)
... Removed 31 stack frames]]>
    </failure>
  </testcase> <!-- myTest -->
</testsuite> <!-- Dataprovider -->
