<?xml version="1.0" encoding="UTF-8"?>
<!-- Generated by org.testng.reporters.JUnitXMLReporter -->
<testsuite ignored="0" hostname="DESKTOP-MHU0B0P" failures="1" tests="4" name="DProviderwithMethod" time="0.031" errors="0" timestamp="2022-11-20T16:00:40 IST">
  <testcase classname="seleniumtests.DProviderwithMethods" name="Diff" time="0.002"/>
  <testcase classname="seleniumtests.DProviderwithMethods" name="Diff" time="0.003"/>
  <testcase classname="seleniumtests.DProviderwithMethods" name="Sum" time="0.001"/>
  <testcase classname="seleniumtests.DProviderwithMethods" name="Sum" time="0.003">
    <failure type="java.lang.AssertionError" message="expected [12] but found [9]">
      <![CDATA[java.lang.AssertionError: expected [12] but found [9]
at seleniumtests.DProviderwithMethods.Sum(DProviderwithMethods.java:21)
at java.base/java.util.ArrayList.forEach(ArrayList.java:1511)
... Removed 31 stack frames]]>
    </failure>
  </testcase> <!-- Sum -->
</testsuite> <!-- DProviderwithMethod -->
